<?xml version="1.0" encoding="UTF-8"?>
<testsuite name="com.jojoldu.book.springboot.web.IndexControllerTest" tests="1" skipped="0" failures="0" errors="0" timestamp="2021-10-05T21:11:08" hostname="DESKTOP-TI3MDIC" time="0.164">
  <properties/>
  <testcase name="메인페이지_로딩" classname="com.jojoldu.book.springboot.web.IndexControllerTest" time="0.164"/>
  <system-out><![CDATA[2021-10-06 06:11:06.099  INFO 4288 --- [    Test worker] .b.t.c.SpringBootTestContextBootstrapper : Neither @ContextConfiguration nor @ContextHierarchy found for test class [com.jojoldu.book.springboot.web.IndexControllerTest], using SpringBootContextLoader
2021-10-06 06:11:06.099  INFO 4288 --- [    Test worker] o.s.t.c.support.AbstractContextLoader    : Could not detect default resource locations for test class [com.jojoldu.book.springboot.web.IndexControllerTest]: no resource found for suffixes {-context.xml, Context.groovy}.
2021-10-06 06:11:06.099  INFO 4288 --- [    Test worker] t.c.s.AnnotationConfigContextLoaderUtils : Could not detect default configuration classes for test class [com.jojoldu.book.springboot.web.IndexControllerTest]: IndexControllerTest does not declare any static, non-private, non-final, nested classes annotated with @Configuration.
2021-10-06 06:11:06.099  INFO 4288 --- [    Test worker] .b.t.c.SpringBootTestContextBootstrapper : Found @SpringBootConfiguration com.jojoldu.book.springboot.Application for test class com.jojoldu.book.springboot.web.IndexControllerTest
2021-10-06 06:11:06.099  INFO 4288 --- [    Test worker] .b.t.c.SpringBootTestContextBootstrapper : Loaded default TestExecutionListener class names from location [META-INF/spring.factories]: [org.springframework.security.test.context.support.WithSecurityContextTestExecutionListener, org.springframework.security.test.context.support.ReactorContextTestExecutionListener, org.springframework.boot.test.autoconfigure.restdocs.RestDocsTestExecutionListener, org.springframework.boot.test.autoconfigure.web.client.MockRestServiceServerResetTestExecutionListener, org.springframework.boot.test.autoconfigure.web.servlet.MockMvcPrintOnlyOnFailureTestExecutionListener, org.springframework.boot.test.autoconfigure.web.servlet.WebDriverTestExecutionListener, org.springframework.boot.test.mock.mockito.MockitoTestExecutionListener, org.springframework.boot.test.mock.mockito.ResetMocksTestExecutionListener, org.springframework.test.context.web.ServletTestExecutionListener, org.springframework.test.context.support.DirtiesContextBeforeModesTestExecutionListener, org.springframework.test.context.support.DependencyInjectionTestExecutionListener, org.springframework.test.context.support.DirtiesContextTestExecutionListener, org.springframework.test.context.transaction.TransactionalTestExecutionListener, org.springframework.test.context.jdbc.SqlScriptsTestExecutionListener]
2021-10-06 06:11:06.099  INFO 4288 --- [    Test worker] .b.t.c.SpringBootTestContextBootstrapper : Using TestExecutionListeners: [org.springframework.test.context.web.ServletTestExecutionListener@62963cb2, org.springframework.test.context.support.DirtiesContextBeforeModesTestExecutionListener@56b50358, org.springframework.boot.test.mock.mockito.MockitoTestExecutionListener@5f559594, org.springframework.boot.test.autoconfigure.SpringBootDependencyInjectionTestExecutionListener@f4fff35, org.springframework.test.context.support.DirtiesContextTestExecutionListener@5cef21c2, org.springframework.test.context.transaction.TransactionalTestExecutionListener@22be56c4, org.springframework.test.context.jdbc.SqlScriptsTestExecutionListener@51b49e32, org.springframework.security.test.context.support.WithSecurityContextTestExecutionListener@21726566, org.springframework.security.test.context.support.ReactorContextTestExecutionListener@436a1bb, org.springframework.boot.test.autoconfigure.restdocs.RestDocsTestExecutionListener@54eedf8f, org.springframework.boot.test.autoconfigure.web.client.MockRestServiceServerResetTestExecutionListener@21de8e2e, org.springframework.boot.test.autoconfigure.web.servlet.MockMvcPrintOnlyOnFailureTestExecutionListener@13b59626, org.springframework.boot.test.autoconfigure.web.servlet.WebDriverTestExecutionListener@223fc692, org.springframework.boot.test.mock.mockito.ResetMocksTestExecutionListener@8f77fd]

  .   ____          _            __ _ _
 /\\ / ___'_ __ _ _(_)_ __  __ _ \ \ \ \
( ( )\___ | '_ | '_| | '_ \/ _` | \ \ \ \
 \\/  ___)| |_)| | | | | || (_| |  ) ) ) )
  '  |____| .__|_| |_|_| |_\__, | / / / /
 =========|_|==============|___/=/_/_/_/
 :: Spring Boot ::        (v2.1.9.RELEASE)

2021-10-06 06:11:06.131  INFO 4288 --- [    Test worker] c.j.b.s.web.IndexControllerTest          : Starting IndexControllerTest on DESKTOP-TI3MDIC with PID 4288 (started by USER in C:\Users\USER\IdeaProjects\TestAWS)
2021-10-06 06:11:06.131  INFO 4288 --- [    Test worker] c.j.b.s.web.IndexControllerTest          : No active profile set, falling back to default profiles: default
2021-10-06 06:11:06.320  INFO 4288 --- [    Test worker] .s.d.r.c.RepositoryConfigurationDelegate : Bootstrapping Spring Data repositories in DEFAULT mode.
2021-10-06 06:11:06.336  INFO 4288 --- [    Test worker] .s.d.r.c.RepositoryConfigurationDelegate : Finished Spring Data repository scanning in 16ms. Found 2 repository interfaces.
2021-10-06 06:11:06.434  INFO 4288 --- [    Test worker] trationDelegate$BeanPostProcessorChecker : Bean 'org.springframework.transaction.annotation.ProxyTransactionManagementConfiguration' of type [org.springframework.transaction.annotation.ProxyTransactionManagementConfiguration$$EnhancerBySpringCGLIB$$2961f5c3] is not eligible for getting processed by all BeanPostProcessors (for example: not eligible for auto-proxying)
2021-10-06 06:11:06.661  INFO 4288 --- [    Test worker] o.s.b.w.embedded.tomcat.TomcatWebServer  : Tomcat initialized with port(s): 0 (http)
2021-10-06 06:11:06.693  INFO 4288 --- [    Test worker] o.apache.catalina.core.StandardService   : Starting service [Tomcat]
2021-10-06 06:11:06.693  INFO 4288 --- [    Test worker] org.apache.catalina.core.StandardEngine  : Starting Servlet engine: [Apache Tomcat/9.0.26]
2021-10-06 06:11:06.843  INFO 4288 --- [    Test worker] o.a.c.c.C.[Tomcat].[localhost].[/]       : Initializing Spring embedded WebApplicationContext
2021-10-06 06:11:06.843  INFO 4288 --- [    Test worker] o.s.web.context.ContextLoader            : Root WebApplicationContext: initialization completed in 712 ms
2021-10-06 06:11:07.016  INFO 4288 --- [    Test worker] com.zaxxer.hikari.HikariDataSource       : HikariPool-2 - Starting...
2021-10-06 06:11:07.016  INFO 4288 --- [    Test worker] com.zaxxer.hikari.HikariDataSource       : HikariPool-2 - Start completed.
2021-10-06 06:11:07.048  INFO 4288 --- [    Test worker] o.hibernate.jpa.internal.util.LogHelper  : HHH000204: Processing PersistenceUnitInfo [
	name: default
	...]
2021-10-06 06:11:07.063  INFO 4288 --- [    Test worker] org.hibernate.dialect.Dialect            : HHH000400: Using dialect: org.hibernate.dialect.H2Dialect
Hibernate: drop table posts if exists
Hibernate: drop table user if exists
Hibernate: create table posts (id bigint generated by default as identity, created_date timestamp, modified_date timestamp, author varchar(255), content TEXT not null, title varchar(500) not null, primary key (id))
Hibernate: create table user (id bigint generated by default as identity, created_date timestamp, modified_date timestamp, email varchar(255) not null, name varchar(255) not null, picture varchar(255), role varchar(255) not null, primary key (id))
2021-10-06 06:11:07.111  INFO 4288 --- [    Test worker] o.h.t.schema.internal.SchemaCreatorImpl  : HHH000476: Executing import script 'org.hibernate.tool.schema.internal.exec.ScriptSourceInputNonExistentImpl@18468529'
2021-10-06 06:11:07.111  INFO 4288 --- [    Test worker] j.LocalContainerEntityManagerFactoryBean : Initialized JPA EntityManagerFactory for persistence unit 'default'
2021-10-06 06:11:07.430  INFO 4288 --- [    Test worker] o.h.h.i.QueryTranslatorFactoryInitiator  : HHH000397: Using ASTQueryTranslatorFactory
2021-10-06 06:11:07.571  INFO 4288 --- [    Test worker] o.s.s.web.DefaultSecurityFilterChain     : Creating filter chain: any request, [org.springframework.security.web.context.request.async.WebAsyncManagerIntegrationFilter@53e05b0d, org.springframework.security.web.context.SecurityContextPersistenceFilter@22df317c, org.springframework.security.web.header.HeaderWriterFilter@2fd12e88, org.springframework.security.web.authentication.logout.LogoutFilter@30d15caf, org.springframework.security.oauth2.client.web.OAuth2AuthorizationRequestRedirectFilter@504884bf, org.springframework.security.oauth2.client.web.OAuth2LoginAuthenticationFilter@4297689b, org.springframework.security.web.authentication.ui.DefaultLoginPageGeneratingFilter@6b5ed469, org.springframework.security.web.authentication.ui.DefaultLogoutPageGeneratingFilter@762d55b7, org.springframework.security.web.savedrequest.RequestCacheAwareFilter@278159b2, org.springframework.security.web.servletapi.SecurityContextHolderAwareRequestFilter@10296a4, org.springframework.security.web.authentication.AnonymousAuthenticationFilter@62d44ab1, org.springframework.security.web.session.SessionManagementFilter@7fd2bc99, org.springframework.security.web.access.ExceptionTranslationFilter@346627a2, org.springframework.security.web.access.intercept.FilterSecurityInterceptor@6809bc2a]
2021-10-06 06:11:07.803  INFO 4288 --- [    Test worker] o.s.s.concurrent.ThreadPoolTaskExecutor  : Initializing ExecutorService 'applicationTaskExecutor'
2021-10-06 06:11:07.819  WARN 4288 --- [    Test worker] aWebConfiguration$JpaWebMvcConfiguration : spring.jpa.open-in-view is enabled by default. Therefore, database queries may be performed during view rendering. Explicitly configure spring.jpa.open-in-view to disable this warning
2021-10-06 06:11:07.852  INFO 4288 --- [    Test worker] o.s.b.a.w.s.WelcomePageHandlerMapping    : Adding welcome page template: index
2021-10-06 06:11:08.105  INFO 4288 --- [    Test worker] s.a.ScheduledAnnotationBeanPostProcessor : No TaskScheduler/ScheduledExecutorService bean found for scheduled processing
2021-10-06 06:11:08.132  INFO 4288 --- [    Test worker] o.s.b.w.embedded.tomcat.TomcatWebServer  : Tomcat started on port(s): 50823 (http) with context path ''
2021-10-06 06:11:08.132  INFO 4288 --- [    Test worker] c.j.b.s.web.IndexControllerTest          : Started IndexControllerTest in 2.033 seconds (JVM running for 9.805)
2021-10-06 06:11:08.207  INFO 4288 --- [o-auto-1-exec-1] o.a.c.c.C.[Tomcat].[localhost].[/]       : Initializing Spring DispatcherServlet 'dispatcherServlet'
2021-10-06 06:11:08.207  INFO 4288 --- [o-auto-1-exec-1] o.s.web.servlet.DispatcherServlet        : Initializing Servlet 'dispatcherServlet'
2021-10-06 06:11:08.231  INFO 4288 --- [o-auto-1-exec-1] o.s.web.servlet.DispatcherServlet        : Completed initialization in 24 ms
Hibernate: select posts0_.id as id1_0_, posts0_.created_date as created_2_0_, posts0_.modified_date as modified3_0_, posts0_.author as author4_0_, posts0_.content as content5_0_, posts0_.title as title6_0_ from posts posts0_ order by posts0_.id DESC
]]></system-out>
  <system-err><![CDATA[]]></system-err>
</testsuite>
