<?xml version="1.0" encoding="UTF-8"?>
<testsuite name="com.jojoldu.book.springboot.domain.posts.PostsRepositoryTest" tests="1" skipped="0" failures="0" errors="0" timestamp="2021-10-05T21:11:05" hostname="DESKTOP-TI3MDIC" time="0.171">
  <properties/>
  <testcase name="게시글저장_불러오기" classname="com.jojoldu.book.springboot.domain.posts.PostsRepositoryTest" time="0.171"/>
  <system-out><![CDATA[2021-10-06 06:11:02.010  INFO 4288 --- [    Test worker] .b.t.c.SpringBootTestContextBootstrapper : Neither @ContextConfiguration nor @ContextHierarchy found for test class [com.jojoldu.book.springboot.domain.posts.PostsRepositoryTest], using SpringBootContextLoader
2021-10-06 06:11:02.010  INFO 4288 --- [    Test worker] o.s.t.c.support.AbstractContextLoader    : Could not detect default resource locations for test class [com.jojoldu.book.springboot.domain.posts.PostsRepositoryTest]: no resource found for suffixes {-context.xml, Context.groovy}.
2021-10-06 06:11:02.010  INFO 4288 --- [    Test worker] t.c.s.AnnotationConfigContextLoaderUtils : Could not detect default configuration classes for test class [com.jojoldu.book.springboot.domain.posts.PostsRepositoryTest]: PostsRepositoryTest does not declare any static, non-private, non-final, nested classes annotated with @Configuration.
2021-10-06 06:11:02.010  INFO 4288 --- [    Test worker] .b.t.c.SpringBootTestContextBootstrapper : Found @SpringBootConfiguration com.jojoldu.book.springboot.Application for test class com.jojoldu.book.springboot.domain.posts.PostsRepositoryTest
2021-10-06 06:11:02.010  INFO 4288 --- [    Test worker] .b.t.c.SpringBootTestContextBootstrapper : Loaded default TestExecutionListener class names from location [META-INF/spring.factories]: [org.springframework.security.test.context.support.WithSecurityContextTestExecutionListener, org.springframework.security.test.context.support.ReactorContextTestExecutionListener, org.springframework.boot.test.autoconfigure.restdocs.RestDocsTestExecutionListener, org.springframework.boot.test.autoconfigure.web.client.MockRestServiceServerResetTestExecutionListener, org.springframework.boot.test.autoconfigure.web.servlet.MockMvcPrintOnlyOnFailureTestExecutionListener, org.springframework.boot.test.autoconfigure.web.servlet.WebDriverTestExecutionListener, org.springframework.boot.test.mock.mockito.MockitoTestExecutionListener, org.springframework.boot.test.mock.mockito.ResetMocksTestExecutionListener, org.springframework.test.context.web.ServletTestExecutionListener, org.springframework.test.context.support.DirtiesContextBeforeModesTestExecutionListener, org.springframework.test.context.support.DependencyInjectionTestExecutionListener, org.springframework.test.context.support.DirtiesContextTestExecutionListener, org.springframework.test.context.transaction.TransactionalTestExecutionListener, org.springframework.test.context.jdbc.SqlScriptsTestExecutionListener]
2021-10-06 06:11:02.010  INFO 4288 --- [    Test worker] .b.t.c.SpringBootTestContextBootstrapper : Using TestExecutionListeners: [org.springframework.test.context.web.ServletTestExecutionListener@9ca31f2, org.springframework.test.context.support.DirtiesContextBeforeModesTestExecutionListener@505dd80b, org.springframework.boot.test.mock.mockito.MockitoTestExecutionListener@102f77d2, org.springframework.boot.test.autoconfigure.SpringBootDependencyInjectionTestExecutionListener@5975aa65, org.springframework.test.context.support.DirtiesContextTestExecutionListener@1e84518, org.springframework.test.context.transaction.TransactionalTestExecutionListener@3f4b48ae, org.springframework.test.context.jdbc.SqlScriptsTestExecutionListener@54b12972, org.springframework.security.test.context.support.WithSecurityContextTestExecutionListener@20639703, org.springframework.security.test.context.support.ReactorContextTestExecutionListener@6360d692, org.springframework.boot.test.autoconfigure.restdocs.RestDocsTestExecutionListener@68bfc68, org.springframework.boot.test.autoconfigure.web.client.MockRestServiceServerResetTestExecutionListener@5b2cbf72, org.springframework.boot.test.autoconfigure.web.servlet.MockMvcPrintOnlyOnFailureTestExecutionListener@67cbe09b, org.springframework.boot.test.autoconfigure.web.servlet.WebDriverTestExecutionListener@2fa7eb6, org.springframework.boot.test.mock.mockito.ResetMocksTestExecutionListener@5bcbba3d]

  .   ____          _            __ _ _
 /\\ / ___'_ __ _ _(_)_ __  __ _ \ \ \ \
( ( )\___ | '_ | '_| | '_ \/ _` | \ \ \ \
 \\/  ___)| |_)| | | | | || (_| |  ) ) ) )
  '  |____| .__|_| |_|_| |_\__, | / / / /
 =========|_|==============|___/=/_/_/_/
 :: Spring Boot ::        (v2.1.9.RELEASE)

2021-10-06 06:11:02.042  INFO 4288 --- [    Test worker] c.j.b.s.d.posts.PostsRepositoryTest      : Starting PostsRepositoryTest on DESKTOP-TI3MDIC with PID 4288 (started by USER in C:\Users\USER\IdeaProjects\TestAWS)
2021-10-06 06:11:02.042  INFO 4288 --- [    Test worker] c.j.b.s.d.posts.PostsRepositoryTest      : No active profile set, falling back to default profiles: default
2021-10-06 06:11:02.409  INFO 4288 --- [    Test worker] .s.d.r.c.RepositoryConfigurationDelegate : Bootstrapping Spring Data repositories in DEFAULT mode.
2021-10-06 06:11:02.478  INFO 4288 --- [    Test worker] .s.d.r.c.RepositoryConfigurationDelegate : Finished Spring Data repository scanning in 68ms. Found 2 repository interfaces.
2021-10-06 06:11:02.717  INFO 4288 --- [    Test worker] trationDelegate$BeanPostProcessorChecker : Bean 'org.springframework.transaction.annotation.ProxyTransactionManagementConfiguration' of type [org.springframework.transaction.annotation.ProxyTransactionManagementConfiguration$$EnhancerBySpringCGLIB$$2961f5c3] is not eligible for getting processed by all BeanPostProcessors (for example: not eligible for auto-proxying)
2021-10-06 06:11:02.875  INFO 4288 --- [    Test worker] com.zaxxer.hikari.HikariDataSource       : HikariPool-1 - Starting...
2021-10-06 06:11:03.048  INFO 4288 --- [    Test worker] com.zaxxer.hikari.HikariDataSource       : HikariPool-1 - Start completed.
2021-10-06 06:11:03.143  INFO 4288 --- [    Test worker] o.hibernate.jpa.internal.util.LogHelper  : HHH000204: Processing PersistenceUnitInfo [
	name: default
	...]
2021-10-06 06:11:03.221  INFO 4288 --- [    Test worker] org.hibernate.Version                    : HHH000412: Hibernate Core {5.3.12.Final}
2021-10-06 06:11:03.221  INFO 4288 --- [    Test worker] org.hibernate.cfg.Environment            : HHH000206: hibernate.properties not found
2021-10-06 06:11:03.306  INFO 4288 --- [    Test worker] o.hibernate.annotations.common.Version   : HCANN000001: Hibernate Commons Annotations {5.0.4.Final}
2021-10-06 06:11:03.479  INFO 4288 --- [    Test worker] org.hibernate.dialect.Dialect            : HHH000400: Using dialect: org.hibernate.dialect.H2Dialect
Hibernate: drop table posts if exists
Hibernate: drop table user if exists
Hibernate: create table posts (id bigint generated by default as identity, created_date timestamp, modified_date timestamp, author varchar(255), content TEXT not null, title varchar(500) not null, primary key (id))
Hibernate: create table user (id bigint generated by default as identity, created_date timestamp, modified_date timestamp, email varchar(255) not null, name varchar(255) not null, picture varchar(255), role varchar(255) not null, primary key (id))
2021-10-06 06:11:04.316  INFO 4288 --- [    Test worker] o.h.t.schema.internal.SchemaCreatorImpl  : HHH000476: Executing import script 'org.hibernate.tool.schema.internal.exec.ScriptSourceInputNonExistentImpl@18468529'
2021-10-06 06:11:04.316  INFO 4288 --- [    Test worker] j.LocalContainerEntityManagerFactoryBean : Initialized JPA EntityManagerFactory for persistence unit 'default'
2021-10-06 06:11:04.793  INFO 4288 --- [    Test worker] o.h.h.i.QueryTranslatorFactoryInitiator  : HHH000397: Using ASTQueryTranslatorFactory
2021-10-06 06:11:05.103  INFO 4288 --- [    Test worker] o.s.s.web.DefaultSecurityFilterChain     : Creating filter chain: any request, [org.springframework.security.web.context.request.async.WebAsyncManagerIntegrationFilter@6826dc23, org.springframework.security.web.context.SecurityContextPersistenceFilter@62aa32e1, org.springframework.security.web.header.HeaderWriterFilter@49682d5e, org.springframework.security.web.authentication.logout.LogoutFilter@168c3933, org.springframework.security.oauth2.client.web.OAuth2AuthorizationRequestRedirectFilter@2893f228, org.springframework.security.oauth2.client.web.OAuth2LoginAuthenticationFilter@729bfd56, org.springframework.security.web.authentication.ui.DefaultLoginPageGeneratingFilter@25022a48, org.springframework.security.web.authentication.ui.DefaultLogoutPageGeneratingFilter@6f2d799e, org.springframework.security.web.savedrequest.RequestCacheAwareFilter@7ebd8305, org.springframework.security.web.servletapi.SecurityContextHolderAwareRequestFilter@76b75351, org.springframework.security.web.authentication.AnonymousAuthenticationFilter@42715860, org.springframework.security.web.session.SessionManagementFilter@1468e1de, org.springframework.security.web.access.ExceptionTranslationFilter@607f9e97, org.springframework.security.web.access.intercept.FilterSecurityInterceptor@78d8fbe2]
2021-10-06 06:11:05.452  INFO 4288 --- [    Test worker] o.s.s.concurrent.ThreadPoolTaskExecutor  : Initializing ExecutorService 'applicationTaskExecutor'
2021-10-06 06:11:05.468  WARN 4288 --- [    Test worker] aWebConfiguration$JpaWebMvcConfiguration : spring.jpa.open-in-view is enabled by default. Therefore, database queries may be performed during view rendering. Explicitly configure spring.jpa.open-in-view to disable this warning
2021-10-06 06:11:05.500  INFO 4288 --- [    Test worker] o.s.b.a.w.s.WelcomePageHandlerMapping    : Adding welcome page template: index
2021-10-06 06:11:05.909  INFO 4288 --- [    Test worker] s.a.ScheduledAnnotationBeanPostProcessor : No TaskScheduler/ScheduledExecutorService bean found for scheduled processing
2021-10-06 06:11:05.925  INFO 4288 --- [    Test worker] c.j.b.s.d.posts.PostsRepositoryTest      : Started PostsRepositoryTest in 3.915 seconds (JVM running for 7.595)
Hibernate: insert into posts (id, created_date, modified_date, author, content, title) values (null, ?, ?, ?, ?, ?)
Hibernate: select posts0_.id as id1_0_, posts0_.created_date as created_2_0_, posts0_.modified_date as modified3_0_, posts0_.author as author4_0_, posts0_.content as content5_0_, posts0_.title as title6_0_ from posts posts0_
Hibernate: select posts0_.id as id1_0_, posts0_.created_date as created_2_0_, posts0_.modified_date as modified3_0_, posts0_.author as author4_0_, posts0_.content as content5_0_, posts0_.title as title6_0_ from posts posts0_
Hibernate: delete from posts where id=?
]]></system-out>
  <system-err><![CDATA[]]></system-err>
</testsuite>
